2023-03-17 15:12:11.307 [main] INFO  org.example.Calculator - Calculator Initialised
2023-03-17 15:12:11.309 [main] INFO  org.example.Main - Calculator Object Ready
2023-03-17 15:12:16.705 [main] INFO  org.example.Main - CALCULATING: the Square root of 5.0
2023-03-17 15:12:16.711 [main] INFO  org.example.Main - RESULT: Square Root of 5.0 is 2.23606797749979
2023-03-17 15:12:17.785 [main] INFO  org.example.Main - CALCULATING: the Square root of 6.0
2023-03-17 15:12:17.785 [main] INFO  org.example.Main - RESULT: Square Root of 6.0 is 2.449489742783178
2023-03-17 15:12:20.830 [main] INFO  org.example.Main - CALCULATING: the Square root of 23.0
2023-03-17 15:12:20.831 [main] INFO  org.example.Main - RESULT: Square Root of 23.0 is 4.795831523312719
2023-03-17 15:12:22.960 [main] INFO  org.example.Main - CALCULATING: the Square root of 5.0
2023-03-17 15:12:22.961 [main] INFO  org.example.Main - RESULT: Square Root of 5.0 is 2.23606797749979
2023-03-17 15:12:27.712 [main] INFO  org.example.Main - CALCULATING: the Square root of 10.0
2023-03-17 15:12:27.713 [main] INFO  org.example.Main - RESULT: Square Root of 10.0 is 3.1622776601683795
2023-03-17 15:12:32.953 [main] INFO  org.example.Main - CALCULATING: the factorial of 13.0
2023-03-17 15:12:32.954 [main] INFO  org.example.Main - RESULT: Factorial of 13.0 is 6.2270208E9
2023-03-17 15:12:37.274 [main] INFO  org.example.Main - CALCULATING: the factorial of 50.0
2023-03-17 15:12:37.274 [main] INFO  org.example.Main - RESULT: Factorial of 50.0 is 3.0414093201713376E64
2023-03-17 15:12:44.422 [main] INFO  org.example.Main - CALCULATING: the factorial of 27.0
2023-03-17 15:12:44.422 [main] INFO  org.example.Main - RESULT: Factorial of 27.0 is 1.0888869450418352E28
2023-03-17 15:12:48.065 [main] INFO  org.example.Main - CALCULATING: the Square root of -45.0
2023-03-17 15:12:48.067 [main] ERROR org.example.Calculator - java.lang.Exception: The input for square root cannot be negative
2023-03-17 15:12:48.067 [main] INFO  org.example.Main - RESULT: Square Root of -45.0 is null
2023-03-17 15:13:02.717 [main] INFO  org.example.Main - CALCULATING: the Natural Logarithm of 1000.0
2023-03-17 15:13:02.718 [main] INFO  org.example.Main - RESULT: Natural Logarithm of 1000.0 is 6.907755278982137
2023-03-17 15:13:10.803 [main] INFO  org.example.Main - CALCULATING: the Natural Logarithm of 603.0
2023-03-17 15:13:10.803 [main] INFO  org.example.Main - RESULT: Natural Logarithm of 603.0 is 6.401917196727186
2023-03-17 15:13:15.253 [main] INFO  org.example.Main - CALCULATING: the Natural Logarithm of -4.0
2023-03-17 15:13:15.253 [main] ERROR org.example.Calculator - java.lang.Exception: The input for Logarithm cannot be negative
2023-03-17 15:13:15.253 [main] INFO  org.example.Main - RESULT: Natural Logarithm of -4.0 is null
2023-03-17 15:13:18.243 [main] INFO  org.example.Main - CALCULATING: the Natural Logarithm of 0.0
2023-03-17 15:13:18.244 [main] ERROR org.example.Calculator - java.lang.Exception: The input for Logarithm cannot be 0
2023-03-17 15:13:18.244 [main] INFO  org.example.Main - RESULT: Natural Logarithm of 0.0 is null
2023-03-17 15:13:22.680 [main] INFO  org.example.Main - CALCULATING: the Natural Logarithm of 25278.0
2023-03-17 15:13:22.680 [main] INFO  org.example.Main - RESULT: Natural Logarithm of 25278.0 is 10.137689731207072
2023-03-17 15:13:41.862 [main] INFO  org.example.Main - CALCULATING: the value of 2.0 raised to 5.0
2023-03-17 15:13:41.875 [main] INFO  org.example.Main - RESULT: Value of 2.0 to the power of 5.0 is 32.0
2023-03-17 15:13:45.985 [main] INFO  org.example.Main - CALCULATING: the value of 3.0 raised to 8.0
2023-03-17 15:13:45.985 [main] INFO  org.example.Main - RESULT: Value of 3.0 to the power of 8.0 is 6561.0
2023-03-17 15:13:50.128 [main] INFO  org.example.Main - CALCULATING: the value of 9.0 raised to 4.0
2023-03-17 15:13:50.128 [main] INFO  org.example.Main - RESULT: Value of 9.0 to the power of 4.0 is 6561.0
2023-03-17 15:13:53.455 [main] ERROR org.example.Main - Invalid option entered
2023-03-17 15:13:54.828 [main] INFO  org.example.Main - Exiting Calculator
2023-03-17 15:27:49.924 [main] INFO  org.example.Calculator - Calculator Initialised
2023-03-17 15:27:49.926 [main] INFO  org.example.Main - Calculator Object Ready
2023-03-17 15:27:53.359 [main] INFO  org.example.Main - CALCULATING: the Square root of 1.0
2023-03-17 15:27:53.365 [main] INFO  org.example.Main - RESULT: Square Root of 1.0 is 1.0
2023-03-17 15:27:54.279 [main] INFO  org.example.Main - CALCULATING: the Square root of 2.0
2023-03-17 15:27:54.279 [main] INFO  org.example.Main - RESULT: Square Root of 2.0 is 1.4142135623730951
2023-03-17 15:27:55.199 [main] INFO  org.example.Main - CALCULATING: the Square root of 3.0
2023-03-17 15:27:55.199 [main] INFO  org.example.Main - RESULT: Square Root of 3.0 is 1.7320508075688772
2023-03-17 15:27:56.209 [main] INFO  org.example.Main - CALCULATING: the Square root of 4.0
2023-03-17 15:27:56.209 [main] INFO  org.example.Main - RESULT: Square Root of 4.0 is 2.0
2023-03-17 15:27:57.253 [main] INFO  org.example.Main - CALCULATING: the Square root of 5.0
2023-03-17 15:27:57.253 [main] INFO  org.example.Main - RESULT: Square Root of 5.0 is 2.23606797749979
2023-03-17 15:27:58.625 [main] INFO  org.example.Main - CALCULATING: the Square root of 6.0
2023-03-17 15:27:58.626 [main] INFO  org.example.Main - RESULT: Square Root of 6.0 is 2.449489742783178
2023-03-17 15:28:00.983 [main] INFO  org.example.Main - CALCULATING: the Square root of 656522.0
2023-03-17 15:28:00.983 [main] INFO  org.example.Main - RESULT: Square Root of 656522.0 is 810.2604519535678
2023-03-17 15:28:09.535 [main] INFO  org.example.Main - CALCULATING: the Square root of 9.4645373E7
2023-03-17 15:28:09.536 [main] INFO  org.example.Main - RESULT: Square Root of 9.4645373E7 is 9728.585354510697
2023-03-17 15:28:11.984 [main] INFO  org.example.Main - CALCULATING: the Square root of 4748.0
2023-03-17 15:28:11.985 [main] INFO  org.example.Main - RESULT: Square Root of 4748.0 is 68.90573270780887
2023-03-17 15:28:14.279 [main] INFO  org.example.Main - CALCULATING: the Square root of 0.0
2023-03-17 15:28:14.279 [main] INFO  org.example.Main - RESULT: Square Root of 0.0 is 0.0
2023-03-17 15:28:16.865 [main] INFO  org.example.Main - Exiting Calculator
2023-03-17 15:29:34.195 [main] INFO  org.example.Calculator - Calculator Initialised
2023-03-17 15:29:34.196 [main] INFO  org.example.Main - Calculator Object Ready
2023-03-17 15:29:37.123 [main] INFO  org.example.Main - CALCULATING: the Square root of 4.0
2023-03-17 15:29:37.129 [main] INFO  org.example.Main - RESULT: Square Root of 4.0 is 2.0
2023-03-17 15:29:37.940 [main] INFO  org.example.Main - CALCULATING: the Square root of 5.0
2023-03-17 15:29:37.940 [main] INFO  org.example.Main - RESULT: Square Root of 5.0 is 2.23606797749979
2023-03-17 15:29:38.684 [main] INFO  org.example.Main - CALCULATING: the Square root of 5.0
2023-03-17 15:29:38.685 [main] INFO  org.example.Main - RESULT: Square Root of 5.0 is 2.23606797749979
2023-03-17 15:29:39.440 [main] INFO  org.example.Main - CALCULATING: the Square root of 5.0
2023-03-17 15:29:39.440 [main] INFO  org.example.Main - RESULT: Square Root of 5.0 is 2.23606797749979
2023-03-17 15:29:40.271 [main] INFO  org.example.Main - CALCULATING: the Square root of 4.0
2023-03-17 15:29:40.271 [main] INFO  org.example.Main - RESULT: Square Root of 4.0 is 2.0
2023-03-17 15:29:41.046 [main] INFO  org.example.Main - CALCULATING: the Square root of 5.0
2023-03-17 15:29:41.046 [main] INFO  org.example.Main - RESULT: Square Root of 5.0 is 2.23606797749979
2023-03-17 15:29:41.974 [main] INFO  org.example.Main - CALCULATING: the Square root of 5.0
2023-03-17 15:29:41.974 [main] INFO  org.example.Main - RESULT: Square Root of 5.0 is 2.23606797749979
2023-03-17 15:29:42.730 [main] INFO  org.example.Main - CALCULATING: the factorial of 6.0
2023-03-17 15:29:42.730 [main] INFO  org.example.Main - RESULT: Factorial of 6.0 is 720.0
2023-03-17 15:29:43.427 [main] INFO  org.example.Main - CALCULATING: the factorial of 6.0
2023-03-17 15:29:43.427 [main] INFO  org.example.Main - RESULT: Factorial of 6.0 is 720.0
2023-03-17 15:29:44.110 [main] INFO  org.example.Main - CALCULATING: the factorial of 5.0
2023-03-17 15:29:44.110 [main] INFO  org.example.Main - RESULT: Factorial of 5.0 is 120.0
2023-03-17 15:29:44.839 [main] INFO  org.example.Main - CALCULATING: the factorial of 5.0
2023-03-17 15:29:44.839 [main] INFO  org.example.Main - RESULT: Factorial of 5.0 is 120.0
2023-03-17 15:29:45.554 [main] INFO  org.example.Main - CALCULATING: the factorial of 5.0
2023-03-17 15:29:45.555 [main] INFO  org.example.Main - RESULT: Factorial of 5.0 is 120.0
2023-03-17 15:29:46.406 [main] INFO  org.example.Main - CALCULATING: the factorial of 3.0
2023-03-17 15:29:46.406 [main] INFO  org.example.Main - RESULT: Factorial of 3.0 is 6.0
2023-03-17 15:29:48.607 [main] INFO  org.example.Main - CALCULATING: the value of 3.0 raised to 3.0
2023-03-17 15:29:48.619 [main] INFO  org.example.Main - RESULT: Value of 3.0 to the power of 3.0 is 27.0
2023-03-17 15:29:49.585 [main] INFO  org.example.Main - CALCULATING: the Natural Logarithm of 5.0
2023-03-17 15:29:49.586 [main] INFO  org.example.Main - RESULT: Natural Logarithm of 5.0 is 1.6094379124341003
2023-03-17 15:29:50.349 [main] INFO  org.example.Main - CALCULATING: the Natural Logarithm of 6.0
2023-03-17 15:29:50.349 [main] INFO  org.example.Main - RESULT: Natural Logarithm of 6.0 is 1.791759469228055
2023-03-17 15:29:51.573 [main] INFO  org.example.Main - CALCULATING: the Natural Logarithm of 6.0
2023-03-17 15:29:51.574 [main] INFO  org.example.Main - RESULT: Natural Logarithm of 6.0 is 1.791759469228055
2023-03-17 15:29:52.429 [main] INFO  org.example.Main - Exiting Calculator
2023-03-21 01:53:13.598 [main] INFO  org.example.Calculator - Calculator Initialised
2023-03-21 01:53:13.611 [main] INFO  org.example.Calculator - Calculator Initialised
2023-03-21 01:53:13.613 [main] INFO  org.example.Calculator - Calculator Initialised
2023-03-21 01:53:13.614 [main] INFO  org.example.Calculator - Calculator Initialised
2023-03-21 01:53:19.881 [main] INFO  org.example.Calculator - Calculator Initialised
2023-03-21 01:53:19.895 [main] INFO  org.example.Calculator - Calculator Initialised
2023-03-21 01:53:19.897 [main] INFO  org.example.Calculator - Calculator Initialised
2023-03-21 01:53:19.898 [main] INFO  org.example.Calculator - Calculator Initialised
2023-03-21 01:53:33.804 [main] INFO  org.example.Calculator - Calculator Initialised
2023-03-21 01:53:33.805 [main] INFO  org.example.Main - Calculator Object Ready
2023-03-21 01:53:41.438 [main] INFO  org.example.Main - CALCULATING: the Square root of 4.0
2023-03-21 01:53:41.439 [main] INFO  org.example.Main - RESULT: Square Root of 4.0 is 2.0
2023-03-21 01:53:43.198 [main] INFO  org.example.Main - Exiting Calculator
